ERROR - 2024-02-28 00:27:39 --> Table 'perpustakaandigital.kategori' doesn't exist
ERROR - 2024-02-28 00:29:43 --> Table 'perpustakaandigital.kategori' doesn't exist
CRITICAL - 2024-02-28 00:35:48 --> Too few arguments to function App\Controllers\Kategori::edit(), 0 passed in C:\Users\PC 21\Desktop\UKK_OctariantoLikaNg\coding\Aplikasi Perpustakaan Digital\system\CodeIgniter.php on line 832 and exactly 1 expected
#0 C:\Users\PC 21\Desktop\UKK_OctariantoLikaNg\coding\Aplikasi Perpustakaan Digital\system\CodeIgniter.php(832): App\Controllers\Kategori->edit()
#1 C:\Users\PC 21\Desktop\UKK_OctariantoLikaNg\coding\Aplikasi Perpustakaan Digital\system\CodeIgniter.php(419): CodeIgniter\CodeIgniter->runController(Object(App\Controllers\Kategori))
#2 C:\Users\PC 21\Desktop\UKK_OctariantoLikaNg\coding\Aplikasi Perpustakaan Digital\system\CodeIgniter.php(326): CodeIgniter\CodeIgniter->handleRequest(NULL, Object(Config\Cache), false)
#3 C:\Users\PC 21\Desktop\UKK_OctariantoLikaNg\coding\Aplikasi Perpustakaan Digital\public\index.php(37): CodeIgniter\CodeIgniter->run()
#4 C:\Users\PC 21\Desktop\UKK_OctariantoLikaNg\coding\Aplikasi Perpustakaan Digital\system\Commands\Server\rewrite.php(43): require_once('C:\\Users\\PC 21\\...')
#5 {main}
CRITICAL - 2024-02-28 00:37:07 --> Too few arguments to function App\Controllers\Kategori::edit(), 0 passed in C:\Users\PC 21\Desktop\UKK_OctariantoLikaNg\coding\Aplikasi Perpustakaan Digital\system\CodeIgniter.php on line 832 and exactly 1 expected
#0 C:\Users\PC 21\Desktop\UKK_OctariantoLikaNg\coding\Aplikasi Perpustakaan Digital\system\CodeIgniter.php(832): App\Controllers\Kategori->edit()
#1 C:\Users\PC 21\Desktop\UKK_OctariantoLikaNg\coding\Aplikasi Perpustakaan Digital\system\CodeIgniter.php(419): CodeIgniter\CodeIgniter->runController(Object(App\Controllers\Kategori))
#2 C:\Users\PC 21\Desktop\UKK_OctariantoLikaNg\coding\Aplikasi Perpustakaan Digital\system\CodeIgniter.php(326): CodeIgniter\CodeIgniter->handleRequest(NULL, Object(Config\Cache), false)
#3 C:\Users\PC 21\Desktop\UKK_OctariantoLikaNg\coding\Aplikasi Perpustakaan Digital\public\index.php(37): CodeIgniter\CodeIgniter->run()
#4 C:\Users\PC 21\Desktop\UKK_OctariantoLikaNg\coding\Aplikasi Perpustakaan Digital\system\Commands\Server\rewrite.php(43): require_once('C:\\Users\\PC 21\\...')
#5 {main}
CRITICAL - 2024-02-28 00:37:29 --> Too few arguments to function App\Controllers\Kategori::edit(), 0 passed in C:\Users\PC 21\Desktop\UKK_OctariantoLikaNg\coding\Aplikasi Perpustakaan Digital\system\CodeIgniter.php on line 832 and exactly 1 expected
#0 C:\Users\PC 21\Desktop\UKK_OctariantoLikaNg\coding\Aplikasi Perpustakaan Digital\system\CodeIgniter.php(832): App\Controllers\Kategori->edit()
#1 C:\Users\PC 21\Desktop\UKK_OctariantoLikaNg\coding\Aplikasi Perpustakaan Digital\system\CodeIgniter.php(419): CodeIgniter\CodeIgniter->runController(Object(App\Controllers\Kategori))
#2 C:\Users\PC 21\Desktop\UKK_OctariantoLikaNg\coding\Aplikasi Perpustakaan Digital\system\CodeIgniter.php(326): CodeIgniter\CodeIgniter->handleRequest(NULL, Object(Config\Cache), false)
#3 C:\Users\PC 21\Desktop\UKK_OctariantoLikaNg\coding\Aplikasi Perpustakaan Digital\public\index.php(37): CodeIgniter\CodeIgniter->run()
#4 C:\Users\PC 21\Desktop\UKK_OctariantoLikaNg\coding\Aplikasi Perpustakaan Digital\system\Commands\Server\rewrite.php(43): require_once('C:\\Users\\PC 21\\...')
#5 {main}
CRITICAL - 2024-02-28 00:54:48 --> Invalid argument supplied for foreach()
#0 C:\Users\PC 21\Desktop\UKK_OctariantoLikaNg\coding\Aplikasi Perpustakaan Digital\app\Views\buku\input.php(41): CodeIgniter\Debug\Exceptions->errorHandler(2, 'Invalid argumen...', 'C:\\Users\\PC 21\\...', 41, Array)
#1 C:\Users\PC 21\Desktop\UKK_OctariantoLikaNg\coding\Aplikasi Perpustakaan Digital\system\View\View.php(210): include('C:\\Users\\PC 21\\...')
#2 C:\Users\PC 21\Desktop\UKK_OctariantoLikaNg\coding\Aplikasi Perpustakaan Digital\system\View\View.php(213): CodeIgniter\View\View->CodeIgniter\View\{closure}()
#3 C:\Users\PC 21\Desktop\UKK_OctariantoLikaNg\coding\Aplikasi Perpustakaan Digital\system\Common.php(1089): CodeIgniter\View\View->render('buku/input', Array, true)
#4 C:\Users\PC 21\Desktop\UKK_OctariantoLikaNg\coding\Aplikasi Perpustakaan Digital\app\Controllers\Buku.php(39): view('buku/input')
#5 C:\Users\PC 21\Desktop\UKK_OctariantoLikaNg\coding\Aplikasi Perpustakaan Digital\system\CodeIgniter.php(832): App\Controllers\Buku->input()
#6 C:\Users\PC 21\Desktop\UKK_OctariantoLikaNg\coding\Aplikasi Perpustakaan Digital\system\CodeIgniter.php(419): CodeIgniter\CodeIgniter->runController(Object(App\Controllers\Buku))
#7 C:\Users\PC 21\Desktop\UKK_OctariantoLikaNg\coding\Aplikasi Perpustakaan Digital\system\CodeIgniter.php(326): CodeIgniter\CodeIgniter->handleRequest(NULL, Object(Config\Cache), false)
#8 C:\Users\PC 21\Desktop\UKK_OctariantoLikaNg\coding\Aplikasi Perpustakaan Digital\public\index.php(37): CodeIgniter\CodeIgniter->run()
#9 C:\Users\PC 21\Desktop\UKK_OctariantoLikaNg\coding\Aplikasi Perpustakaan Digital\system\Commands\Server\rewrite.php(43): require_once('C:\\Users\\PC 21\\...')
#10 {main}
CRITICAL - 2024-02-28 00:58:49 --> Invalid argument supplied for foreach()
#0 C:\Users\PC 21\Desktop\UKK_OctariantoLikaNg\coding\Aplikasi Perpustakaan Digital\app\Views\buku\input.php(41): CodeIgniter\Debug\Exceptions->errorHandler(2, 'Invalid argumen...', 'C:\\Users\\PC 21\\...', 41, Array)
#1 C:\Users\PC 21\Desktop\UKK_OctariantoLikaNg\coding\Aplikasi Perpustakaan Digital\system\View\View.php(210): include('C:\\Users\\PC 21\\...')
#2 C:\Users\PC 21\Desktop\UKK_OctariantoLikaNg\coding\Aplikasi Perpustakaan Digital\system\View\View.php(213): CodeIgniter\View\View->CodeIgniter\View\{closure}()
#3 C:\Users\PC 21\Desktop\UKK_OctariantoLikaNg\coding\Aplikasi Perpustakaan Digital\system\Common.php(1089): CodeIgniter\View\View->render('buku/input', Array, true)
#4 C:\Users\PC 21\Desktop\UKK_OctariantoLikaNg\coding\Aplikasi Perpustakaan Digital\app\Controllers\Buku.php(39): view('buku/input')
#5 C:\Users\PC 21\Desktop\UKK_OctariantoLikaNg\coding\Aplikasi Perpustakaan Digital\system\CodeIgniter.php(832): App\Controllers\Buku->input()
#6 C:\Users\PC 21\Desktop\UKK_OctariantoLikaNg\coding\Aplikasi Perpustakaan Digital\system\CodeIgniter.php(419): CodeIgniter\CodeIgniter->runController(Object(App\Controllers\Buku))
#7 C:\Users\PC 21\Desktop\UKK_OctariantoLikaNg\coding\Aplikasi Perpustakaan Digital\system\CodeIgniter.php(326): CodeIgniter\CodeIgniter->handleRequest(NULL, Object(Config\Cache), false)
#8 C:\Users\PC 21\Desktop\UKK_OctariantoLikaNg\coding\Aplikasi Perpustakaan Digital\public\index.php(37): CodeIgniter\CodeIgniter->run()
#9 C:\Users\PC 21\Desktop\UKK_OctariantoLikaNg\coding\Aplikasi Perpustakaan Digital\system\Commands\Server\rewrite.php(43): require_once('C:\\Users\\PC 21\\...')
#10 {main}
CRITICAL - 2024-02-28 01:16:18 --> join(): Invalid arguments passed
#0 [internal function]: CodeIgniter\Debug\Exceptions->errorHandler(2, 'join(): Invalid...', 'C:\\Users\\PC 21\\...', 22, Array)
#1 C:\Users\PC 21\Desktop\UKK_OctariantoLikaNg\coding\Aplikasi Perpustakaan Digital\app\Models\M_model.php(22): join('kategoribuku', 'kategoribuku_re...')
#2 C:\Users\PC 21\Desktop\UKK_OctariantoLikaNg\coding\Aplikasi Perpustakaan Digital\app\Controllers\Buku.php(28): App\Models\M_model->relasiKategori()
#3 C:\Users\PC 21\Desktop\UKK_OctariantoLikaNg\coding\Aplikasi Perpustakaan Digital\system\CodeIgniter.php(832): App\Controllers\Buku->index()
#4 C:\Users\PC 21\Desktop\UKK_OctariantoLikaNg\coding\Aplikasi Perpustakaan Digital\system\CodeIgniter.php(419): CodeIgniter\CodeIgniter->runController(Object(App\Controllers\Buku))
#5 C:\Users\PC 21\Desktop\UKK_OctariantoLikaNg\coding\Aplikasi Perpustakaan Digital\system\CodeIgniter.php(326): CodeIgniter\CodeIgniter->handleRequest(NULL, Object(Config\Cache), false)
#6 C:\Users\PC 21\Desktop\UKK_OctariantoLikaNg\coding\Aplikasi Perpustakaan Digital\public\index.php(37): CodeIgniter\CodeIgniter->run()
#7 C:\Users\PC 21\Desktop\UKK_OctariantoLikaNg\coding\Aplikasi Perpustakaan Digital\system\Commands\Server\rewrite.php(43): require_once('C:\\Users\\PC 21\\...')
#8 {main}
CRITICAL - 2024-02-28 01:23:08 --> A non-numeric value encountered
#0 C:\Users\PC 21\Desktop\UKK_OctariantoLikaNg\coding\Aplikasi Perpustakaan Digital\app\Views\buku\buku.php(41): CodeIgniter\Debug\Exceptions->errorHandler(2, 'A non-numeric v...', 'C:\\Users\\PC 21\\...', 41, Array)
#1 C:\Users\PC 21\Desktop\UKK_OctariantoLikaNg\coding\Aplikasi Perpustakaan Digital\system\View\View.php(210): include('C:\\Users\\PC 21\\...')
#2 C:\Users\PC 21\Desktop\UKK_OctariantoLikaNg\coding\Aplikasi Perpustakaan Digital\system\View\View.php(213): CodeIgniter\View\View->CodeIgniter\View\{closure}()
#3 C:\Users\PC 21\Desktop\UKK_OctariantoLikaNg\coding\Aplikasi Perpustakaan Digital\system\Common.php(1089): CodeIgniter\View\View->render('buku/buku', Array, true)
#4 C:\Users\PC 21\Desktop\UKK_OctariantoLikaNg\coding\Aplikasi Perpustakaan Digital\app\Controllers\Buku.php(29): view('buku/buku', Array)
#5 C:\Users\PC 21\Desktop\UKK_OctariantoLikaNg\coding\Aplikasi Perpustakaan Digital\system\CodeIgniter.php(832): App\Controllers\Buku->index()
#6 C:\Users\PC 21\Desktop\UKK_OctariantoLikaNg\coding\Aplikasi Perpustakaan Digital\system\CodeIgniter.php(419): CodeIgniter\CodeIgniter->runController(Object(App\Controllers\Buku))
#7 C:\Users\PC 21\Desktop\UKK_OctariantoLikaNg\coding\Aplikasi Perpustakaan Digital\system\CodeIgniter.php(326): CodeIgniter\CodeIgniter->handleRequest(NULL, Object(Config\Cache), false)
#8 C:\Users\PC 21\Desktop\UKK_OctariantoLikaNg\coding\Aplikasi Perpustakaan Digital\public\index.php(37): CodeIgniter\CodeIgniter->run()
#9 C:\Users\PC 21\Desktop\UKK_OctariantoLikaNg\coding\Aplikasi Perpustakaan Digital\system\Commands\Server\rewrite.php(43): require_once('C:\\Users\\PC 21\\...')
#10 {main}
CRITICAL - 2024-02-28 01:23:22 --> syntax error, unexpected '","' (T_CONSTANT_ENCAPSED_STRING), expecting ';' or ','
#0 C:\Users\PC 21\Desktop\UKK_OctariantoLikaNg\coding\Aplikasi Perpustakaan Digital\system\View\View.php(213): CodeIgniter\View\View->CodeIgniter\View\{closure}()
#1 C:\Users\PC 21\Desktop\UKK_OctariantoLikaNg\coding\Aplikasi Perpustakaan Digital\system\Common.php(1089): CodeIgniter\View\View->render('buku/buku', Array, true)
#2 C:\Users\PC 21\Desktop\UKK_OctariantoLikaNg\coding\Aplikasi Perpustakaan Digital\app\Controllers\Buku.php(29): view('buku/buku', Array)
#3 C:\Users\PC 21\Desktop\UKK_OctariantoLikaNg\coding\Aplikasi Perpustakaan Digital\system\CodeIgniter.php(832): App\Controllers\Buku->index()
#4 C:\Users\PC 21\Desktop\UKK_OctariantoLikaNg\coding\Aplikasi Perpustakaan Digital\system\CodeIgniter.php(419): CodeIgniter\CodeIgniter->runController(Object(App\Controllers\Buku))
#5 C:\Users\PC 21\Desktop\UKK_OctariantoLikaNg\coding\Aplikasi Perpustakaan Digital\system\CodeIgniter.php(326): CodeIgniter\CodeIgniter->handleRequest(NULL, Object(Config\Cache), false)
#6 C:\Users\PC 21\Desktop\UKK_OctariantoLikaNg\coding\Aplikasi Perpustakaan Digital\public\index.php(37): CodeIgniter\CodeIgniter->run()
#7 C:\Users\PC 21\Desktop\UKK_OctariantoLikaNg\coding\Aplikasi Perpustakaan Digital\system\Commands\Server\rewrite.php(43): require_once('C:\\Users\\PC 21\\...')
#8 {main}
CRITICAL - 2024-02-28 01:29:33 --> in_array() expects parameter 2 to be array, null given
#0 [internal function]: CodeIgniter\Debug\Exceptions->errorHandler(2, 'in_array() expe...', 'C:\\Users\\PC 21\\...', 42, Array)
#1 C:\Users\PC 21\Desktop\UKK_OctariantoLikaNg\coding\Aplikasi Perpustakaan Digital\app\Views\buku\edit.php(42): in_array(NULL, NULL)
#2 C:\Users\PC 21\Desktop\UKK_OctariantoLikaNg\coding\Aplikasi Perpustakaan Digital\system\View\View.php(210): include('C:\\Users\\PC 21\\...')
#3 C:\Users\PC 21\Desktop\UKK_OctariantoLikaNg\coding\Aplikasi Perpustakaan Digital\system\View\View.php(213): CodeIgniter\View\View->CodeIgniter\View\{closure}()
#4 C:\Users\PC 21\Desktop\UKK_OctariantoLikaNg\coding\Aplikasi Perpustakaan Digital\system\Common.php(1089): CodeIgniter\View\View->render('buku/edit', Array, true)
#5 C:\Users\PC 21\Desktop\UKK_OctariantoLikaNg\coding\Aplikasi Perpustakaan Digital\app\Controllers\Buku.php(103): view('buku/edit', Array)
#6 C:\Users\PC 21\Desktop\UKK_OctariantoLikaNg\coding\Aplikasi Perpustakaan Digital\system\CodeIgniter.php(832): App\Controllers\Buku->edit('1')
#7 C:\Users\PC 21\Desktop\UKK_OctariantoLikaNg\coding\Aplikasi Perpustakaan Digital\system\CodeIgniter.php(419): CodeIgniter\CodeIgniter->runController(Object(App\Controllers\Buku))
#8 C:\Users\PC 21\Desktop\UKK_OctariantoLikaNg\coding\Aplikasi Perpustakaan Digital\system\CodeIgniter.php(326): CodeIgniter\CodeIgniter->handleRequest(NULL, Object(Config\Cache), false)
#9 C:\Users\PC 21\Desktop\UKK_OctariantoLikaNg\coding\Aplikasi Perpustakaan Digital\public\index.php(37): CodeIgniter\CodeIgniter->run()
#10 C:\Users\PC 21\Desktop\UKK_OctariantoLikaNg\coding\Aplikasi Perpustakaan Digital\system\Commands\Server\rewrite.php(43): require_once('C:\\Users\\PC 21\\...')
#11 {main}
CRITICAL - 2024-02-28 01:30:28 --> in_array() expects parameter 2 to be array, null given
#0 [internal function]: CodeIgniter\Debug\Exceptions->errorHandler(2, 'in_array() expe...', 'C:\\Users\\PC 21\\...', 42, Array)
#1 C:\Users\PC 21\Desktop\UKK_OctariantoLikaNg\coding\Aplikasi Perpustakaan Digital\app\Views\buku\edit.php(42): in_array('2', NULL)
#2 C:\Users\PC 21\Desktop\UKK_OctariantoLikaNg\coding\Aplikasi Perpustakaan Digital\system\View\View.php(210): include('C:\\Users\\PC 21\\...')
#3 C:\Users\PC 21\Desktop\UKK_OctariantoLikaNg\coding\Aplikasi Perpustakaan Digital\system\View\View.php(213): CodeIgniter\View\View->CodeIgniter\View\{closure}()
#4 C:\Users\PC 21\Desktop\UKK_OctariantoLikaNg\coding\Aplikasi Perpustakaan Digital\system\Common.php(1089): CodeIgniter\View\View->render('buku/edit', Array, true)
#5 C:\Users\PC 21\Desktop\UKK_OctariantoLikaNg\coding\Aplikasi Perpustakaan Digital\app\Controllers\Buku.php(104): view('buku/edit', Array)
#6 C:\Users\PC 21\Desktop\UKK_OctariantoLikaNg\coding\Aplikasi Perpustakaan Digital\system\CodeIgniter.php(832): App\Controllers\Buku->edit('1')
#7 C:\Users\PC 21\Desktop\UKK_OctariantoLikaNg\coding\Aplikasi Perpustakaan Digital\system\CodeIgniter.php(419): CodeIgniter\CodeIgniter->runController(Object(App\Controllers\Buku))
#8 C:\Users\PC 21\Desktop\UKK_OctariantoLikaNg\coding\Aplikasi Perpustakaan Digital\system\CodeIgniter.php(326): CodeIgniter\CodeIgniter->handleRequest(NULL, Object(Config\Cache), false)
#9 C:\Users\PC 21\Desktop\UKK_OctariantoLikaNg\coding\Aplikasi Perpustakaan Digital\public\index.php(37): CodeIgniter\CodeIgniter->run()
#10 C:\Users\PC 21\Desktop\UKK_OctariantoLikaNg\coding\Aplikasi Perpustakaan Digital\system\Commands\Server\rewrite.php(43): require_once('C:\\Users\\PC 21\\...')
#11 {main}
CRITICAL - 2024-02-28 01:30:36 --> in_array() expects parameter 2 to be array, null given
#0 [internal function]: CodeIgniter\Debug\Exceptions->errorHandler(2, 'in_array() expe...', 'C:\\Users\\PC 21\\...', 42, Array)
#1 C:\Users\PC 21\Desktop\UKK_OctariantoLikaNg\coding\Aplikasi Perpustakaan Digital\app\Views\buku\edit.php(42): in_array('2', NULL)
#2 C:\Users\PC 21\Desktop\UKK_OctariantoLikaNg\coding\Aplikasi Perpustakaan Digital\system\View\View.php(210): include('C:\\Users\\PC 21\\...')
#3 C:\Users\PC 21\Desktop\UKK_OctariantoLikaNg\coding\Aplikasi Perpustakaan Digital\system\View\View.php(213): CodeIgniter\View\View->CodeIgniter\View\{closure}()
#4 C:\Users\PC 21\Desktop\UKK_OctariantoLikaNg\coding\Aplikasi Perpustakaan Digital\system\Common.php(1089): CodeIgniter\View\View->render('buku/edit', Array, true)
#5 C:\Users\PC 21\Desktop\UKK_OctariantoLikaNg\coding\Aplikasi Perpustakaan Digital\app\Controllers\Buku.php(104): view('buku/edit', Array)
#6 C:\Users\PC 21\Desktop\UKK_OctariantoLikaNg\coding\Aplikasi Perpustakaan Digital\system\CodeIgniter.php(832): App\Controllers\Buku->edit('1')
#7 C:\Users\PC 21\Desktop\UKK_OctariantoLikaNg\coding\Aplikasi Perpustakaan Digital\system\CodeIgniter.php(419): CodeIgniter\CodeIgniter->runController(Object(App\Controllers\Buku))
#8 C:\Users\PC 21\Desktop\UKK_OctariantoLikaNg\coding\Aplikasi Perpustakaan Digital\system\CodeIgniter.php(326): CodeIgniter\CodeIgniter->handleRequest(NULL, Object(Config\Cache), false)
#9 C:\Users\PC 21\Desktop\UKK_OctariantoLikaNg\coding\Aplikasi Perpustakaan Digital\public\index.php(37): CodeIgniter\CodeIgniter->run()
#10 C:\Users\PC 21\Desktop\UKK_OctariantoLikaNg\coding\Aplikasi Perpustakaan Digital\system\Commands\Server\rewrite.php(43): require_once('C:\\Users\\PC 21\\...')
#11 {main}
CRITICAL - 2024-02-28 01:31:04 --> in_array() expects parameter 2 to be array, null given
#0 [internal function]: CodeIgniter\Debug\Exceptions->errorHandler(2, 'in_array() expe...', 'C:\\Users\\PC 21\\...', 42, Array)
#1 C:\Users\PC 21\Desktop\UKK_OctariantoLikaNg\coding\Aplikasi Perpustakaan Digital\app\Views\buku\edit.php(42): in_array('2', NULL)
#2 C:\Users\PC 21\Desktop\UKK_OctariantoLikaNg\coding\Aplikasi Perpustakaan Digital\system\View\View.php(210): include('C:\\Users\\PC 21\\...')
#3 C:\Users\PC 21\Desktop\UKK_OctariantoLikaNg\coding\Aplikasi Perpustakaan Digital\system\View\View.php(213): CodeIgniter\View\View->CodeIgniter\View\{closure}()
#4 C:\Users\PC 21\Desktop\UKK_OctariantoLikaNg\coding\Aplikasi Perpustakaan Digital\system\Common.php(1089): CodeIgniter\View\View->render('buku/edit', Array, true)
#5 C:\Users\PC 21\Desktop\UKK_OctariantoLikaNg\coding\Aplikasi Perpustakaan Digital\app\Controllers\Buku.php(104): view('buku/edit', Array)
#6 C:\Users\PC 21\Desktop\UKK_OctariantoLikaNg\coding\Aplikasi Perpustakaan Digital\system\CodeIgniter.php(832): App\Controllers\Buku->edit('1')
#7 C:\Users\PC 21\Desktop\UKK_OctariantoLikaNg\coding\Aplikasi Perpustakaan Digital\system\CodeIgniter.php(419): CodeIgniter\CodeIgniter->runController(Object(App\Controllers\Buku))
#8 C:\Users\PC 21\Desktop\UKK_OctariantoLikaNg\coding\Aplikasi Perpustakaan Digital\system\CodeIgniter.php(326): CodeIgniter\CodeIgniter->handleRequest(NULL, Object(Config\Cache), false)
#9 C:\Users\PC 21\Desktop\UKK_OctariantoLikaNg\coding\Aplikasi Perpustakaan Digital\public\index.php(37): CodeIgniter\CodeIgniter->run()
#10 C:\Users\PC 21\Desktop\UKK_OctariantoLikaNg\coding\Aplikasi Perpustakaan Digital\system\Commands\Server\rewrite.php(43): require_once('C:\\Users\\PC 21\\...')
#11 {main}
CRITICAL - 2024-02-28 01:31:45 --> array_column() expects parameter 1 to be array, null given
#0 [internal function]: CodeIgniter\Debug\Exceptions->errorHandler(2, 'array_column() ...', 'C:\\Users\\PC 21\\...', 41, Array)
#1 C:\Users\PC 21\Desktop\UKK_OctariantoLikaNg\coding\Aplikasi Perpustakaan Digital\app\Views\buku\edit.php(41): array_column(NULL, 'kategoriID')
#2 C:\Users\PC 21\Desktop\UKK_OctariantoLikaNg\coding\Aplikasi Perpustakaan Digital\system\View\View.php(210): include('C:\\Users\\PC 21\\...')
#3 C:\Users\PC 21\Desktop\UKK_OctariantoLikaNg\coding\Aplikasi Perpustakaan Digital\system\View\View.php(213): CodeIgniter\View\View->CodeIgniter\View\{closure}()
#4 C:\Users\PC 21\Desktop\UKK_OctariantoLikaNg\coding\Aplikasi Perpustakaan Digital\system\Common.php(1089): CodeIgniter\View\View->render('buku/edit', Array, true)
#5 C:\Users\PC 21\Desktop\UKK_OctariantoLikaNg\coding\Aplikasi Perpustakaan Digital\app\Controllers\Buku.php(104): view('buku/edit', Array)
#6 C:\Users\PC 21\Desktop\UKK_OctariantoLikaNg\coding\Aplikasi Perpustakaan Digital\system\CodeIgniter.php(832): App\Controllers\Buku->edit('1')
#7 C:\Users\PC 21\Desktop\UKK_OctariantoLikaNg\coding\Aplikasi Perpustakaan Digital\system\CodeIgniter.php(419): CodeIgniter\CodeIgniter->runController(Object(App\Controllers\Buku))
#8 C:\Users\PC 21\Desktop\UKK_OctariantoLikaNg\coding\Aplikasi Perpustakaan Digital\system\CodeIgniter.php(326): CodeIgniter\CodeIgniter->handleRequest(NULL, Object(Config\Cache), false)
#9 C:\Users\PC 21\Desktop\UKK_OctariantoLikaNg\coding\Aplikasi Perpustakaan Digital\public\index.php(37): CodeIgniter\CodeIgniter->run()
#10 C:\Users\PC 21\Desktop\UKK_OctariantoLikaNg\coding\Aplikasi Perpustakaan Digital\system\Commands\Server\rewrite.php(43): require_once('C:\\Users\\PC 21\\...')
#11 {main}
